Performing C SOURCE FILE Test CMAKE_HAVE_LIBC_PTHREAD failed with the following output:
Change Dir: /home/mrnofaceguy/Documents/GitHub/projeto_programacao/build/CMakeFiles/CMakeTmp

Run Build Command(s):/usr/bin/gmake -f Makefile cmTC_7ceab/fast && /usr/bin/gmake  -f CMakeFiles/cmTC_7ceab.dir/build.make CMakeFiles/cmTC_7ceab.dir/build
gmake[1]: Entering directory '/home/mrnofaceguy/Documents/GitHub/projeto_programacao/build/CMakeFiles/CMakeTmp'
Building C object CMakeFiles/cmTC_7ceab.dir/src.c.o
/usr/bin/cc -DCMAKE_HAVE_LIBC_PTHREAD   -o CMakeFiles/cmTC_7ceab.dir/src.c.o -c /home/mrnofaceguy/Documents/GitHub/projeto_programacao/build/CMakeFiles/CMakeTmp/src.c
Linking C executable cmTC_7ceab
/snap/cmake/1000/bin/cmake -E cmake_link_script CMakeFiles/cmTC_7ceab.dir/link.txt --verbose=1
/usr/bin/cc CMakeFiles/cmTC_7ceab.dir/src.c.o -o cmTC_7ceab 
/usr/bin/ld: CMakeFiles/cmTC_7ceab.dir/src.c.o: in function `main':
src.c:(.text+0x46): undefined reference to `pthread_create'
/usr/bin/ld: src.c:(.text+0x52): undefined reference to `pthread_detach'
/usr/bin/ld: src.c:(.text+0x5e): undefined reference to `pthread_cancel'
/usr/bin/ld: src.c:(.text+0x6f): undefined reference to `pthread_join'
collect2: error: ld returned 1 exit status
gmake[1]: *** [CMakeFiles/cmTC_7ceab.dir/build.make:99: cmTC_7ceab] Error 1
gmake[1]: Leaving directory '/home/mrnofaceguy/Documents/GitHub/projeto_programacao/build/CMakeFiles/CMakeTmp'
gmake: *** [Makefile:127: cmTC_7ceab/fast] Error 2


Source file was:
#include <pthread.h>

static void* test_func(void* data)
{
  return data;
}

int main(void)
{
  pthread_t thread;
  pthread_create(&thread, NULL, test_func, NULL);
  pthread_detach(thread);
  pthread_cancel(thread);
  pthread_join(thread, NULL);
  pthread_atfork(NULL, NULL, NULL);
  pthread_exit(NULL);

  return 0;
}

Determining if the function pthread_create exists in the pthreads failed with the following output:
Change Dir: /home/mrnofaceguy/Documents/GitHub/projeto_programacao/build/CMakeFiles/CMakeTmp

Run Build Command(s):/usr/bin/gmake -f Makefile cmTC_81a20/fast && /usr/bin/gmake  -f CMakeFiles/cmTC_81a20.dir/build.make CMakeFiles/cmTC_81a20.dir/build
gmake[1]: Entering directory '/home/mrnofaceguy/Documents/GitHub/projeto_programacao/build/CMakeFiles/CMakeTmp'
Building C object CMakeFiles/cmTC_81a20.dir/CheckFunctionExists.c.o
/usr/bin/cc   -DCHECK_FUNCTION_EXISTS=pthread_create -o CMakeFiles/cmTC_81a20.dir/CheckFunctionExists.c.o -c /snap/cmake/1000/share/cmake-3.22/Modules/CheckFunctionExists.c
Linking C executable cmTC_81a20
/snap/cmake/1000/bin/cmake -E cmake_link_script CMakeFiles/cmTC_81a20.dir/link.txt --verbose=1
/usr/bin/cc  -DCHECK_FUNCTION_EXISTS=pthread_create CMakeFiles/cmTC_81a20.dir/CheckFunctionExists.c.o -o cmTC_81a20  -lpthreads 
/usr/bin/ld: cannot find -lpthreads
collect2: error: ld returned 1 exit status
gmake[1]: *** [CMakeFiles/cmTC_81a20.dir/build.make:99: cmTC_81a20] Error 1
gmake[1]: Leaving directory '/home/mrnofaceguy/Documents/GitHub/projeto_programacao/build/CMakeFiles/CMakeTmp'
gmake: *** [Makefile:127: cmTC_81a20/fast] Error 2



